MongoDB shell version v5.0.15
connecting to: mongodb://192.168.1.104:27017/?compressors=disabled&gssapiServiceName=mongodb
Implicit session: session { "id" : UUID("a3515221-3e3e-425c-a5be-9ebdf809604b") }
MongoDB server version: 5.0.15
================
Warning: the "mongo" shell has been superseded by "mongosh",
which delivers improved usability and compatibility.The "mongo" shell has been deprecated and will be removed in
an upcoming release.
For installation instructions, see
https://docs.mongodb.com/mongodb-shell/install/
================
{
	"shardAdded" : "replshard0",
	"ok" : 1,
	"$clusterTime" : {
		"clusterTime" : Timestamp(1679771466, 6),
		"signature" : {
			"hash" : BinData(0,"AAAAAAAAAAAAAAAAAAAAAAAAAAA="),
			"keyId" : NumberLong(0)
		}
	},
	"operationTime" : Timestamp(1679771466, 6)
}
bye
