MongoDB shell version v5.0.15
connecting to: mongodb://127.0.0.1:57040/?compressors=disabled&gssapiServiceName=mongodb
Implicit session: session { "id" : UUID("916f1b98-be08-4e8a-8a92-76b2e5309dd3") }
MongoDB server version: 5.0.15
{
	"topologyVersion" : {
		"processId" : ObjectId("641a8eb998f23d75b095b6e3"),
		"counter" : NumberLong(5)
	},
	"hosts" : [
		"127.0.0.1:57040"
	],
	"setName" : "replconfig01",
	"setVersion" : 1,
	"ismaster" : false,
	"secondary" : true,
	"primary" : "127.0.0.1:57040",
	"me" : "127.0.0.1:57040",
	"electionId" : ObjectId("7fffffff0000000000000001"),
	"lastWrite" : {
		"opTime" : {
			"ts" : Timestamp(1679462075, 10),
			"t" : NumberLong(1)
		},
		"lastWriteDate" : ISODate("2023-03-22T05:14:35Z"),
		"majorityOpTime" : {
			"ts" : Timestamp(1679462075, 1),
			"t" : NumberLong(-1)
		},
		"majorityWriteDate" : ISODate("2023-03-22T05:14:35Z")
	},
	"configsvr" : 2,
	"maxBsonObjectSize" : 16777216,
	"maxMessageSizeBytes" : 48000000,
	"maxWriteBatchSize" : 100000,
	"localTime" : ISODate("2023-03-22T05:14:35.644Z"),
	"logicalSessionTimeoutMinutes" : 30,
	"connectionId" : 2,
	"minWireVersion" : 0,
	"maxWireVersion" : 13,
	"readOnly" : false,
	"ok" : 1,
	"$gleStats" : {
		"lastOpTime" : Timestamp(0, 0),
		"electionId" : ObjectId("7fffffff0000000000000001")
	},
	"lastCommittedOpTime" : Timestamp(1679462075, 1),
	"$clusterTime" : {
		"clusterTime" : Timestamp(1679462075, 11),
		"signature" : {
			"hash" : BinData(0,"AAAAAAAAAAAAAAAAAAAAAAAAAAA="),
			"keyId" : NumberLong(0)
		}
	},
	"operationTime" : Timestamp(1679462075, 10)
}
