MongoDB shell version v5.0.15
connecting to: mongodb://127.0.0.1:57040/?compressors=disabled&gssapiServiceName=mongodb
Implicit session: session { "id" : UUID("aa654bf2-3c0b-484f-bfe1-a443693d8a0b") }
MongoDB server version: 5.0.15
{
	"topologyVersion" : {
		"processId" : ObjectId("641a86eef4a2c2069d9e50bc"),
		"counter" : NumberLong(5)
	},
	"hosts" : [
		"127.0.0.1:57040"
	],
	"setName" : "replconfig01",
	"setVersion" : 1,
	"ismaster" : false,
	"secondary" : true,
	"primary" : "127.0.0.1:57040",
	"me" : "127.0.0.1:57040",
	"electionId" : ObjectId("7fffffff0000000000000001"),
	"lastWrite" : {
		"opTime" : {
			"ts" : Timestamp(1679460081, 8),
			"t" : NumberLong(1)
		},
		"lastWriteDate" : ISODate("2023-03-22T04:41:21Z"),
		"majorityOpTime" : {
			"ts" : Timestamp(1679460081, 1),
			"t" : NumberLong(-1)
		},
		"majorityWriteDate" : ISODate("2023-03-22T04:41:21Z")
	},
	"configsvr" : 2,
	"maxBsonObjectSize" : 16777216,
	"maxMessageSizeBytes" : 48000000,
	"maxWriteBatchSize" : 100000,
	"localTime" : ISODate("2023-03-22T04:41:21.359Z"),
	"logicalSessionTimeoutMinutes" : 30,
	"connectionId" : 2,
	"minWireVersion" : 0,
	"maxWireVersion" : 13,
	"readOnly" : false,
	"ok" : 1,
	"$gleStats" : {
		"lastOpTime" : Timestamp(0, 0),
		"electionId" : ObjectId("7fffffff0000000000000001")
	},
	"lastCommittedOpTime" : Timestamp(1679460081, 1),
	"$clusterTime" : {
		"clusterTime" : Timestamp(1679460081, 9),
		"signature" : {
			"hash" : BinData(0,"AAAAAAAAAAAAAAAAAAAAAAAAAAA="),
			"keyId" : NumberLong(0)
		}
	},
	"operationTime" : Timestamp(1679460081, 8)
}
